<?xml version="1.0" encoding="UTF-8"?>
<testng-results skipped="0" failed="0" ignored="0" total="1" passed="1">
  <reporter-output>
  </reporter-output>
  <suite name="Default suite" duration-ms="8896" started-at="2022-07-19T22:43:50 EDT" finished-at="2022-07-19T22:43:59 EDT">
    <groups>
    </groups>
    <test name="Default test" duration-ms="8896" started-at="2022-07-19T22:43:50 EDT" finished-at="2022-07-19T22:43:59 EDT">
      <class name="com.geico.qa.test.auto.AutoTestClass">
        <test-method status="PASS" signature="setUp()[pri:0, instance:com.geico.qa.test.auto.AutoTestClass@6b57696f]" name="setUp" is-config="true" duration-ms="7737" started-at="2022-07-19T22:43:50 EDT" finished-at="2022-07-19T22:43:57 EDT">
          <reporter-output>
          </reporter-output>
        </test-method> <!-- setUp -->
        <test-method status="PASS" signature="getAAutoQuote()[pri:0, instance:com.geico.qa.test.auto.AutoTestClass@6b57696f]" name="getAAutoQuote" duration-ms="6" started-at="2022-07-19T22:43:57 EDT" finished-at="2022-07-19T22:43:57 EDT">
          <reporter-output>
          </reporter-output>
        </test-method> <!-- getAAutoQuote -->
        <test-method status="PASS" signature="terminate()[pri:0, instance:com.geico.qa.test.auto.AutoTestClass@6b57696f]" name="terminate" is-config="true" duration-ms="1110" started-at="2022-07-19T22:43:57 EDT" finished-at="2022-07-19T22:43:59 EDT">
          <reporter-output>
          </reporter-output>
        </test-method> <!-- terminate -->
      </class> <!-- com.geico.qa.test.auto.AutoTestClass -->
    </test> <!-- Default test -->
  </suite> <!-- Default suite -->
</testng-results>
