<?xml version="1.0" encoding="UTF-8"?>
<testng-results skipped="0" failed="0" ignored="0" total="1" passed="1">
  <reporter-output>
    <line>
      <![CDATA[11418 : This values has been passed into ---> [[FirefoxDriver: firefox on WINDOWS (7832c46d-b667-4b7e-82c3-bab18f91aa7a)] -> id: ssp-service-zip]<br>]]>
    </line>
    <line>
      <![CDATA[Proxy element for: DefaultElementLocator 'By.xpath: //div[@class='card' and @data-product='auto']' ---> This element has been clicked<br>]]>
    </line>
    <line>
      <![CDATA[[[FirefoxDriver: firefox on WINDOWS (7832c46d-b667-4b7e-82c3-bab18f91aa7a)] -> xpath: //a[text()='Start My Quote']] ---> This element has been clicked<br>]]>
    </line>
    <line>
      <![CDATA[Proxy element for: DefaultElementLocator 'By.xpath: (//input[@value='Continue'])[1]' ---> This element has been clicked<br>]]>
    </line>
    <line>
      <![CDATA[[[FirefoxDriver: firefox on WINDOWS (7832c46d-b667-4b7e-82c3-bab18f91aa7a)] -> tag name: h4] ---> This element has text : About You<br>]]>
    </line>
    <line>
      <![CDATA[Current URL is : https://sales.geico.com/quote<br>]]>
    </line>
  </reporter-output>
  <suite name="Suite" duration-ms="41293" started-at="2022-07-25T12:53:45 EDT" finished-at="2022-07-25T12:54:27 EDT">
    <groups>
    </groups>
    <test name="Test" duration-ms="41293" started-at="2022-07-25T12:53:45 EDT" finished-at="2022-07-25T12:54:27 EDT">
      <class name="com.geico.qa.test.auto.AutoTestClass">
        <test-method status="PASS" signature="setUp()[pri:0, instance:com.geico.qa.test.auto.AutoTestClass@6b57696f]" name="setUp" is-config="true" duration-ms="8546" started-at="2022-07-25T12:53:45 EDT" finished-at="2022-07-25T12:53:54 EDT">
          <reporter-output>
          </reporter-output>
        </test-method> <!-- setUp -->
        <test-method status="PASS" signature="getAAutoQuote()[pri:0, instance:com.geico.qa.test.auto.AutoTestClass@6b57696f]" name="getAAutoQuote" duration-ms="31434" started-at="2022-07-25T12:53:54 EDT" finished-at="2022-07-25T12:54:25 EDT">
          <reporter-output>
            <line>
              <![CDATA[11418 : This values has been passed into ---> [[FirefoxDriver: firefox on WINDOWS (7832c46d-b667-4b7e-82c3-bab18f91aa7a)] -> id: ssp-service-zip]<br>]]>
            </line>
            <line>
              <![CDATA[Proxy element for: DefaultElementLocator 'By.xpath: //div[@class='card' and @data-product='auto']' ---> This element has been clicked<br>]]>
            </line>
            <line>
              <![CDATA[[[FirefoxDriver: firefox on WINDOWS (7832c46d-b667-4b7e-82c3-bab18f91aa7a)] -> xpath: //a[text()='Start My Quote']] ---> This element has been clicked<br>]]>
            </line>
            <line>
              <![CDATA[Proxy element for: DefaultElementLocator 'By.xpath: (//input[@value='Continue'])[1]' ---> This element has been clicked<br>]]>
            </line>
            <line>
              <![CDATA[[[FirefoxDriver: firefox on WINDOWS (7832c46d-b667-4b7e-82c3-bab18f91aa7a)] -> tag name: h4] ---> This element has text : About You<br>]]>
            </line>
            <line>
              <![CDATA[Current URL is : https://sales.geico.com/quote<br>]]>
            </line>
          </reporter-output>
        </test-method> <!-- getAAutoQuote -->
        <test-method status="PASS" signature="terminate()[pri:0, instance:com.geico.qa.test.auto.AutoTestClass@6b57696f]" name="terminate" is-config="true" duration-ms="1268" started-at="2022-07-25T12:54:25 EDT" finished-at="2022-07-25T12:54:27 EDT">
          <reporter-output>
          </reporter-output>
        </test-method> <!-- terminate -->
      </class> <!-- com.geico.qa.test.auto.AutoTestClass -->
    </test> <!-- Test -->
  </suite> <!-- Suite -->
</testng-results>
